<?xml version="1.0" encoding="UTF-8"?>
<testsuite xmlns:xsi="http://www.w3.org/2001/XMLSchema-instance" xsi:noNamespaceSchemaLocation="https://maven.apache.org/surefire/maven-surefire-plugin/xsd/surefire-test-report-3.0.xsd" version="3.0" name="com.vignesh.AppTest" time="0.016" tests="1" errors="0" skipped="0" failures="0">
  <properties>
    <property name="java.specification.version" value="21"/>
    <property name="sun.cpu.isalist" value="amd64"/>
    <property name="sun.jnu.encoding" value="Cp1252"/>
    <property name="java.class.path" value="C:\Program Files\JetBrains\IntelliJ IDEA 2024.1.4\plugins\maven\lib\maven3\boot\plexus-classworlds-2.7.0.jar;C:\Program Files\JetBrains\IntelliJ IDEA 2024.1.4\plugins\maven\lib\maven3\boot\plexus-classworlds.license;C:\Program Files\JetBrains\IntelliJ IDEA 2024.1.4\lib\idea_rt.jar"/>
    <property name="forkCount" value="0"/>
    <property name="java.vm.vendor" value="Oracle Corporation"/>
    <property name="sun.arch.data.model" value="64"/>
    <property name="user.variant" value=""/>
    <property name="java.vendor.url" value="https://java.oracle.com/"/>
    <property name="user.timezone" value="America/Chicago"/>
    <property name="maven.conf" value="C:\Program Files\JetBrains\IntelliJ IDEA 2024.1.4\plugins\maven\lib\maven3/conf"/>
    <property name="java.vm.specification.version" value="21"/>
    <property name="os.name" value="Windows 11"/>
    <property name="sun.java.launcher" value="SUN_STANDARD"/>
    <property name="user.country" value="US"/>
    <property name="sun.boot.library.path" value="C:\Users\math\.jdks\graalvm-jdk-21.0.4\bin"/>
    <property name="sun.java.command" value="org.codehaus.classworlds.Launcher -Didea.version=2024.1.4 package -DforkCount=0 -DreuseForks=false"/>
    <property name="jdk.debug" value="release"/>
    <property name="maven.home" value="C:\Program Files\JetBrains\IntelliJ IDEA 2024.1.4\plugins\maven\lib\maven3"/>
    <property name="surefire.test.class.path" value="C:\Users\math\Downloads\fetchAndStore\target\test-classes;C:\Users\math\Downloads\fetchAndStore\target\classes;C:\Users\math\.m2\repository\junit\junit\3.8.1\junit-3.8.1.jar;C:\Users\math\.m2\repository\com\amazonaws\aws-lambda-java-core\1.2.3\aws-lambda-java-core-1.2.3.jar;C:\Users\math\.m2\repository\com\amazonaws\aws-lambda-java-events\3.11.2\aws-lambda-java-events-3.11.2.jar;C:\Users\math\.m2\repository\joda-time\joda-time\2.10.8\joda-time-2.10.8.jar;C:\Users\math\.m2\repository\software\amazon\awssdk\dynamodb\2.20.0\dynamodb-2.20.0.jar;C:\Users\math\.m2\repository\software\amazon\awssdk\aws-json-protocol\2.20.0\aws-json-protocol-2.20.0.jar;C:\Users\math\.m2\repository\software\amazon\awssdk\third-party-jackson-core\2.20.0\third-party-jackson-core-2.20.0.jar;C:\Users\math\.m2\repository\software\amazon\awssdk\protocol-core\2.20.0\protocol-core-2.20.0.jar;C:\Users\math\.m2\repository\software\amazon\awssdk\profiles\2.20.0\profiles-2.20.0.jar;C:\Users\math\.m2\repository\software\amazon\awssdk\sdk-core\2.20.0\sdk-core-2.20.0.jar;C:\Users\math\.m2\repository\org\slf4j\slf4j-api\1.7.30\slf4j-api-1.7.30.jar;C:\Users\math\.m2\repository\org\reactivestreams\reactive-streams\1.0.3\reactive-streams-1.0.3.jar;C:\Users\math\.m2\repository\software\amazon\awssdk\auth\2.20.0\auth-2.20.0.jar;C:\Users\math\.m2\repository\software\amazon\eventstream\eventstream\1.0.1\eventstream-1.0.1.jar;C:\Users\math\.m2\repository\software\amazon\awssdk\http-client-spi\2.20.0\http-client-spi-2.20.0.jar;C:\Users\math\.m2\repository\software\amazon\awssdk\regions\2.20.0\regions-2.20.0.jar;C:\Users\math\.m2\repository\software\amazon\awssdk\annotations\2.20.0\annotations-2.20.0.jar;C:\Users\math\.m2\repository\software\amazon\awssdk\utils\2.20.0\utils-2.20.0.jar;C:\Users\math\.m2\repository\software\amazon\awssdk\aws-core\2.20.0\aws-core-2.20.0.jar;C:\Users\math\.m2\repository\software\amazon\awssdk\metrics-spi\2.20.0\metrics-spi-2.20.0.jar;C:\Users\math\.m2\repository\software\amazon\awssdk\json-utils\2.20.0\json-utils-2.20.0.jar;C:\Users\math\.m2\repository\software\amazon\awssdk\endpoints-spi\2.20.0\endpoints-spi-2.20.0.jar;C:\Users\math\.m2\repository\software\amazon\awssdk\apache-client\2.20.0\apache-client-2.20.0.jar;C:\Users\math\.m2\repository\org\apache\httpcomponents\httpclient\4.5.13\httpclient-4.5.13.jar;C:\Users\math\.m2\repository\org\apache\httpcomponents\httpcore\4.4.13\httpcore-4.4.13.jar;C:\Users\math\.m2\repository\software\amazon\awssdk\netty-nio-client\2.20.0\netty-nio-client-2.20.0.jar;C:\Users\math\.m2\repository\io\netty\netty-codec-http\4.1.86.Final\netty-codec-http-4.1.86.Final.jar;C:\Users\math\.m2\repository\io\netty\netty-codec-http2\4.1.86.Final\netty-codec-http2-4.1.86.Final.jar;C:\Users\math\.m2\repository\io\netty\netty-codec\4.1.86.Final\netty-codec-4.1.86.Final.jar;C:\Users\math\.m2\repository\io\netty\netty-transport\4.1.86.Final\netty-transport-4.1.86.Final.jar;C:\Users\math\.m2\repository\io\netty\netty-resolver\4.1.86.Final\netty-resolver-4.1.86.Final.jar;C:\Users\math\.m2\repository\io\netty\netty-common\4.1.86.Final\netty-common-4.1.86.Final.jar;C:\Users\math\.m2\repository\io\netty\netty-buffer\4.1.86.Final\netty-buffer-4.1.86.Final.jar;C:\Users\math\.m2\repository\io\netty\netty-handler\4.1.86.Final\netty-handler-4.1.86.Final.jar;C:\Users\math\.m2\repository\io\netty\netty-transport-native-unix-common\4.1.86.Final\netty-transport-native-unix-common-4.1.86.Final.jar;C:\Users\math\.m2\repository\io\netty\netty-transport-classes-epoll\4.1.86.Final\netty-transport-classes-epoll-4.1.86.Final.jar;C:\Users\math\.m2\repository\com\fasterxml\jackson\core\jackson-databind\2.15.2\jackson-databind-2.15.2.jar;C:\Users\math\.m2\repository\com\fasterxml\jackson\core\jackson-annotations\2.15.2\jackson-annotations-2.15.2.jar;C:\Users\math\.m2\repository\com\fasterxml\jackson\core\jackson-core\2.15.2\jackson-core-2.15.2.jar;C:\Users\math\.m2\repository\com\amazonaws\aws-java-sdk-dynamodb\1.12.772\aws-java-sdk-dynamodb-1.12.772.jar;C:\Users\math\.m2\repository\com\amazonaws\aws-java-sdk-s3\1.12.772\aws-java-sdk-s3-1.12.772.jar;C:\Users\math\.m2\repository\com\amazonaws\aws-java-sdk-kms\1.12.772\aws-java-sdk-kms-1.12.772.jar;C:\Users\math\.m2\repository\com\amazonaws\aws-java-sdk-core\1.12.772\aws-java-sdk-core-1.12.772.jar;C:\Users\math\.m2\repository\commons-logging\commons-logging\1.1.3\commons-logging-1.1.3.jar;C:\Users\math\.m2\repository\commons-codec\commons-codec\1.15\commons-codec-1.15.jar;C:\Users\math\.m2\repository\com\fasterxml\jackson\dataformat\jackson-dataformat-cbor\2.17.2\jackson-dataformat-cbor-2.17.2.jar;C:\Users\math\.m2\repository\com\amazonaws\jmespath-java\1.12.772\jmespath-java-1.12.772.jar;C:\Users\math\.m2\repository\com\squareup\okhttp3\okhttp\5.0.0-alpha.14\okhttp-5.0.0-alpha.14.jar;C:\Users\math\.m2\repository\com\squareup\okio\okio-jvm\3.9.0\okio-jvm-3.9.0.jar;C:\Users\math\.m2\repository\org\jetbrains\kotlin\kotlin-stdlib\1.9.23\kotlin-stdlib-1.9.23.jar;C:\Users\math\.m2\repository\org\jetbrains\annotations\13.0\annotations-13.0.jar;C:\Users\math\.m2\repository\org\json\json\20231013\json-20231013.jar;"/>
    <property name="sun.cpu.endian" value="little"/>
    <property name="user.home" value="C:\Users\math"/>
    <property name="user.language" value="en"/>
    <property name="sun.stderr.encoding" value="UTF-8"/>
    <property name="java.specification.vendor" value="Oracle Corporation"/>
    <property name="java.version.date" value="2024-07-16"/>
    <property name="java.home" value="C:\Users\math\.jdks\graalvm-jdk-21.0.4"/>
    <property name="reuseForks" value="false"/>
    <property name="file.separator" value="\"/>
    <property name="basedir" value="C:\Users\math\Downloads\fetchAndStore"/>
    <property name="java.vm.compressedOopsMode" value="Zero based"/>
    <property name="sun.stdout.encoding" value="UTF-8"/>
    <property name="jdk.internal.vm.ci.enabled" value="true"/>
    <property name="line.separator" value="&#10;"/>
    <property name="java.vm.specification.vendor" value="Oracle Corporation"/>
    <property name="java.specification.name" value="Java Platform API Specification"/>
    <property name="intellij.debug.agent" value="true"/>
    <property name="user.script" value=""/>
    <property name="sun.management.compiler" value="HotSpot 64-Bit Tiered Compilers"/>
    <property name="java.runtime.version" value="21.0.4+8-LTS-jvmci-23.1-b41"/>
    <property name="user.name" value="math"/>
    <property name="stdout.encoding" value="UTF-8"/>
    <property name="path.separator" value=";"/>
    <property name="os.version" value="10.0"/>
    <property name="java.runtime.name" value="Java(TM) SE Runtime Environment"/>
    <property name="file.encoding" value="UTF-8"/>
    <property name="guice.disable.misplaced.annotation.check" value="true"/>
    <property name="java.vm.name" value="Java HotSpot(TM) 64-Bit Server VM"/>
    <property name="java.vendor.version" value="Oracle GraalVM 21.0.4+8.1"/>
    <property name="maven.ext.class.path" value="C:\Program Files\JetBrains\IntelliJ IDEA 2024.1.4\plugins\maven\lib\maven-event-listener.jar"/>
    <property name="localRepository" value="C:\Users\math\.m2\repository"/>
    <property name="java.vendor.url.bug" value="https://bugreport.java.com/bugreport/"/>
    <property name="java.io.tmpdir" value="C:\Users\math\AppData\Local\Temp\"/>
    <property name="idea.version" value="2024.1.4"/>
    <property name="java.version" value="21.0.4"/>
    <property name="jboss.modules.system.pkgs" value="com.intellij.rt"/>
    <property name="user.dir" value="C:\Users\math\Downloads\fetchAndStore"/>
    <property name="os.arch" value="amd64"/>
    <property name="maven.multiModuleProjectDirectory" value="C:\Users\math\Downloads\fetchAndStore"/>
    <property name="jansi.passthrough" value="true"/>
    <property name="java.vm.specification.name" value="Java Virtual Machine Specification"/>
    <property name="sun.os.patch.level" value=""/>
    <property name="native.encoding" value="Cp1252"/>
    <property name="java.library.path" value="C:\Users\math\.jdks\graalvm-jdk-21.0.4\bin;C:\windows\Sun\Java\bin;C:\windows\system32;C:\windows;C:\app\math\product\21c\dbhomeXE\bin;C:\Program Files\Common Files\Oracle\Java\javapath;C:\Program Files\Python310\Scripts\;C:\Program Files\Python310\;C:\windows\system32;C:\windows;C:\windows\System32\Wbem;C:\windows\System32\WindowsPowerShell\v1.0\;C:\windows\System32\OpenSSH\;C:\Program Files\Calibre2\;C:\Users\math\AppData\Roaming\Python\Python310\Scripts;C:\ProgramData\chocolatey\bin;C:\Program Files\Java\jdk-20\bin;C:\Program Files\Common Files\Oracle\Java\javapath;C:\Program Files (x86)\PowerShell\7\;C:\Program Files\Git\cmd;C:\Users\math\Downloads\apache-maven-3.9.9-bin\apache-maven-3.9.9\bin;C:\Program Files\PuTTY\;C:\Program Files\nodejs\;C:\Users\math\AppData\Local\Programs\Python\Python313\Scripts\;C:\Users\math\AppData\Local\Programs\Python\Python313\;C:\Users\math\AppData\Local\Microsoft\WindowsApps;C:\Users\math\AppData\Local\Programs\Microsoft VS Code\bin;C:\Users\math\AppData\Local\spicetify;C:\Program Files\JetBrains\IntelliJ IDEA 2024.1.1\bin;C:\Program Files\JetBrains\IntelliJ IDEA 2024.1.4\bin;;C:\Users\math\AppData\Local\GitHubDesktop\bin;C:\Users\math\AppData\Roaming\npm;."/>
    <property name="java.vm.info" value="mixed mode, sharing"/>
    <property name="stderr.encoding" value="UTF-8"/>
    <property name="java.vendor" value="Oracle Corporation"/>
    <property name="java.vm.version" value="21.0.4+8-LTS-jvmci-23.1-b41"/>
    <property name="classworlds.conf" value="C:\Program Files\JetBrains\IntelliJ IDEA 2024.1.4\plugins\maven\lib\maven3\bin\m2.conf"/>
    <property name="sun.io.unicode.encoding" value="UnicodeLittle"/>
    <property name="java.class.version" value="65.0"/>
  </properties>
  <testcase name="testApp" classname="com.vignesh.AppTest" time="0.001"/>
</testsuite>